# JRE version: Java(TM) SE Runtime Environment (8.0_211-b12) (build 1.8.0_211-b12)
# Java VM: Java HotSpot(TM) 64-Bit Server VM (25.211-b12 mixed mode windows-amd64 compressed oops)
Heap:
 PSYoungGen      total 219648K, used 32135K [0x000000076bd00000, 0x000000077a900000, 0x00000007c0000000)
  eden space 205312K, 8% used [0x000000076bd00000,0x000000076ce69430,0x0000000778580000)
  from space 14336K, 99% used [0x0000000779380000,0x000000077a178b80,0x000000077a180000)
  to   space 14336K, 0% used [0x0000000778580000,0x0000000778580000,0x0000000779380000)
 ParOldGen       total 121856K, used 16695K [0x00000006c3600000, 0x00000006cad00000, 0x000000076bd00000)
  object space 121856K, 13% used [0x00000006c3600000,0x00000006c464dd08,0x00000006cad00000)
 Metaspace       used 52888K, capacity 55642K, committed 55936K, reserved 1097728K
  class space    used 6914K, capacity 7467K, committed 7552K, reserved 1048576K
GC Heap History (10 events):
Event: 4.142 GC heap before
{Heap before GC invocations=6 (full 1):
 PSYoungGen      total 121344K, used 120847K [0x000000076bd00000, 0x0000000774b00000, 0x00000007c0000000)
  eden space 116736K, 100% used [0x000000076bd00000,0x0000000772f00000,0x0000000772f00000)
  from space 4608K, 89% used [0x0000000774680000,0x0000000774a83ef0,0x0000000774b00000)
  to   space 10752K, 0% used [0x0000000773600000,0x0000000773600000,0x0000000774080000)
 ParOldGen       total 83456K, used 5814K [0x00000006c3600000, 0x00000006c8780000, 0x000000076bd00000)
  object space 83456K, 6% used [0x00000006c3600000,0x00000006c3badba0,0x00000006c8780000)
 Metaspace       used 29303K, capacity 31132K, committed 31488K, reserved 1077248K
  class space    used 3881K, capacity 4244K, committed 4352K, reserved 1048576K
Event: 4.153 GC heap after
Heap after GC invocations=6 (full 1):
 PSYoungGen      total 134656K, used 10730K [0x000000076bd00000, 0x000000077a180000, 0x00000007c0000000)
  eden space 123904K, 0% used [0x000000076bd00000,0x000000076bd00000,0x0000000773600000)
  from space 10752K, 99% used [0x0000000773600000,0x000000077407aa58,0x0000000774080000)
  to   space 14336K, 0% used [0x0000000779380000,0x0000000779380000,0x000000077a180000)
 ParOldGen       total 83456K, used 6849K [0x00000006c3600000, 0x00000006c8780000, 0x000000076bd00000)
  object space 83456K, 8% used [0x00000006c3600000,0x00000006c3cb06c0,0x00000006c8780000)
 Metaspace       used 29303K, capacity 31132K, committed 31488K, reserved 1077248K
  class space    used 3881K, capacity 4244K, committed 4352K, reserved 1048576K
}
Event: 4.840 GC heap before
{Heap before GC invocations=7 (full 1):
 PSYoungGen      total 134656K, used 80554K [0x000000076bd00000, 0x000000077a180000, 0x00000007c0000000)
  eden space 123904K, 56% used [0x000000076bd00000,0x000000077012fdf8,0x0000000773600000)
  from space 10752K, 99% used [0x0000000773600000,0x000000077407aa58,0x0000000774080000)
  to   space 14336K, 0% used [0x0000000779380000,0x0000000779380000,0x000000077a180000)
 ParOldGen       total 83456K, used 6849K [0x00000006c3600000, 0x00000006c8780000, 0x000000076bd00000)
  object space 83456K, 8% used [0x00000006c3600000,0x00000006c3cb06c0,0x00000006c8780000)
 Metaspace       used 33371K, capacity 35422K, committed 35496K, reserved 1079296K
  class space    used 4406K, capacity 4793K, committed 4864K, reserved 1048576K
Event: 4.848 GC heap after
Heap after GC invocations=7 (full 1):
 PSYoungGen      total 219648K, used 9738K [0x000000076bd00000, 0x000000077a900000, 0x00000007c0000000)
  eden space 205312K, 0% used [0x000000076bd00000,0x000000076bd00000,0x0000000778580000)
  from space 14336K, 67% used [0x0000000779380000,0x0000000779d028b8,0x000000077a180000)
  to   space 14336K, 0% used [0x0000000778580000,0x0000000778580000,0x0000000779380000)
 ParOldGen       total 83456K, used 6857K [0x00000006c3600000, 0x00000006c8780000, 0x000000076bd00000)
  object space 83456K, 8% used [0x00000006c3600000,0x00000006c3cb26c0,0x00000006c8780000)
 Metaspace       used 33371K, capacity 35422K, committed 35496K, reserved 1079296K
  class space    used 4406K, capacity 4793K, committed 4864K, reserved 1048576K
}
Event: 4.848 GC heap before
{Heap before GC invocations=8 (full 2):
 PSYoungGen      total 219648K, used 9738K [0x000000076bd00000, 0x000000077a900000, 0x00000007c0000000)
  eden space 205312K, 0% used [0x000000076bd00000,0x000000076bd00000,0x0000000778580000)
  from space 14336K, 67% used [0x0000000779380000,0x0000000779d028b8,0x000000077a180000)
  to   space 14336K, 0% used [0x0000000778580000,0x0000000778580000,0x0000000779380000)
 ParOldGen       total 83456K, used 6857K [0x00000006c3600000, 0x00000006c8780000, 0x000000076bd00000)
  object space 83456K, 8% used [0x00000006c3600000,0x00000006c3cb26c0,0x00000006c8780000)
 Metaspace       used 33371K, capacity 35422K, committed 35496K, reserved 1079296K
  class space    used 4406K, capacity 4793K, committed 4864K, reserved 1048576K
Event: 4.890 GC heap after
Heap after GC invocations=8 (full 2):
 PSYoungGen      total 219648K, used 0K [0x000000076bd00000, 0x000000077a900000, 0x00000007c0000000)
  eden space 205312K, 0% used [0x000000076bd00000,0x000000076bd00000,0x0000000778580000)
  from space 14336K, 0% used [0x0000000779380000,0x0000000779380000,0x000000077a180000)
  to   space 14336K, 0% used [0x0000000778580000,0x0000000778580000,0x0000000779380000)
 ParOldGen       total 121856K, used 14857K [0x00000006c3600000, 0x00000006cad00000, 0x000000076bd00000)
  object space 121856K, 12% used [0x00000006c3600000,0x00000006c44827a8,0x00000006cad00000)
 Metaspace       used 33371K, capacity 35422K, committed 35496K, reserved 1079296K
  class space    used 4406K, capacity 4793K, committed 4864K, reserved 1048576K
}
Event: 6.791 GC heap before
{Heap before GC invocations=9 (full 2):
 PSYoungGen      total 219648K, used 205312K [0x000000076bd00000, 0x000000077a900000, 0x00000007c0000000)
  eden space 205312K, 100% used [0x000000076bd00000,0x0000000778580000,0x0000000778580000)
  from space 14336K, 0% used [0x0000000779380000,0x0000000779380000,0x000000077a180000)
  to   space 14336K, 0% used [0x0000000778580000,0x0000000778580000,0x0000000779380000)
 ParOldGen       total 121856K, used 14857K [0x00000006c3600000, 0x00000006cad00000, 0x000000076bd00000)
  object space 121856K, 12% used [0x00000006c3600000,0x00000006c44827a8,0x00000006cad00000)
 Metaspace       used 44872K, capacity 47292K, committed 47616K, reserved 1091584K
  class space    used 5874K, capacity 6326K, committed 6400K, reserved 1048576K
Event: 6.804 GC heap after
Heap after GC invocations=9 (full 2):
 PSYoungGen      total 219648K, used 10693K [0x000000076bd00000, 0x000000077a900000, 0x00000007c0000000)
  eden space 205312K, 0% used [0x000000076bd00000,0x000000076bd00000,0x0000000778580000)
  from space 14336K, 74% used [0x0000000778580000,0x0000000778ff1698,0x0000000779380000)
  to   space 14336K, 0% used [0x0000000779380000,0x0000000779380000,0x000000077a180000)
 ParOldGen       total 121856K, used 14929K [0x00000006c3600000, 0x00000006cad00000, 0x000000076bd00000)
  object space 121856K, 12% used [0x00000006c3600000,0x00000006c44947b8,0x00000006cad00000)
 Metaspace       used 44872K, capacity 47292K, committed 47616K, reserved 1091584K
  class space    used 5874K, capacity 6326K, committed 6400K, reserved 1048576K
}
Event: 8.740 GC heap before
{Heap before GC invocations=10 (full 2):
 PSYoungGen      total 219648K, used 216005K [0x000000076bd00000, 0x000000077a900000, 0x00000007c0000000)
  eden space 205312K, 100% used [0x000000076bd00000,0x0000000778580000,0x0000000778580000)
  from space 14336K, 74% used [0x0000000778580000,0x0000000778ff1698,0x0000000779380000)
  to   space 14336K, 0% used [0x0000000779380000,0x0000000779380000,0x000000077a180000)
 ParOldGen       total 121856K, used 14929K [0x00000006c3600000, 0x00000006cad00000, 0x000000076bd00000)
  object space 121856K, 12% used [0x00000006c3600000,0x00000006c44947b8,0x00000006cad00000)
 Metaspace       used 52342K, capacity 55060K, committed 55296K, reserved 1097728K
  class space    used 6848K, capacity 7402K, committed 7424K, reserved 1048576K
Event: 8.758 GC heap after
Heap after GC invocations=10 (full 2):
 PSYoungGen      total 219648K, used 14306K [0x000000076bd00000, 0x000000077a900000, 0x00000007c0000000)
  eden space 205312K, 0% used [0x000000076bd00000,0x000000076bd00000,0x0000000778580000)
  from space 14336K, 99% used [0x0000000779380000,0x000000077a178b80,0x000000077a180000)
  to   space 14336K, 0% used [0x0000000778580000,0x0000000778580000,0x0000000779380000)
 ParOldGen       total 121856K, used 16695K [0x00000006c3600000, 0x00000006cad00000, 0x000000076bd00000)
  object space 121856K, 13% used [0x00000006c3600000,0x00000006c464dd08,0x00000006cad00000)
 Metaspace       used 52342K, capacity 55060K, committed 55296K, reserved 1097728K
  class space    used 6848K, capacity 7402K, committed 7424K, reserved 1048576K
}

